<?xml version="1.0" encoding="UTF-8"?>
<!-- Generated by org.testng.reporters.JUnitXMLReporter -->
<testsuite ignored="0" hostname="Payal" failures="0" tests="6" name="edgetest" time="86.305" errors="0" timestamp="2026-04-28T12:08:24 IST">
  <testcase classname="testCases.TC003_LoginDDT" name="verify_loginDDT" time="4.978"/>
  <testcase classname="testCases.TC003_LoginDDT" name="verify_loginDDT" time="5.073"/>
  <testcase classname="testCases.TC003_LoginDDT" name="verify_loginDDT" time="14.64"/>
  <testcase classname="testCases.TC003_LoginDDT" name="verify_loginDDT" time="14.301"/>
  <testcase classname="testCases.TC003_LoginDDT" name="verify_loginDDT" time="14.344"/>
  <testcase classname="testCases.TC003_LoginDDT" name="verify_loginDDT" time="16.116"/>
</testsuite> <!-- edgetest -->
