<?xml version="1.0" encoding="UTF-8"?>
<!-- Generated by org.testng.reporters.JUnitXMLReporter -->
<testsuite ignored="0" hostname="Payal" failures="0" tests="1" name="Test(failed)" time="0.098" errors="0" timestamp="2026-04-28T15:37:39 IST">
  <testcase classname="testBase.BaseClass" name="@BeforeClass setup" time="-1.777370859381E9">
    <failure type="org.testng.TestNGException" message="
Parameter &amp;apos;os&amp;apos; is required by BeforeClass on method setup but has not been marked @Optional or defined
in C:\Users\paulp\eclipse-workspace\new\OpenCart\test-output\testng-failed.xml">
      <![CDATA[org.testng.TestNGException: 
Parameter 'os' is required by BeforeClass on method setup but has not been marked @Optional or defined
in C:\Users\paulp\eclipse-workspace\new\OpenCart\test-output\testng-failed.xml
at java.base/java.util.ArrayList.forEach(ArrayList.java:1596)
... Removed 22 stack frames]]>
    </failure>
  </testcase> <!-- @BeforeClass setup -->
  <testcase classname="testBase.BaseClass" name="@AfterClass teardown" time="0.0">
    <skipped/>
  </testcase> <!-- @AfterClass teardown -->
  <testcase classname="testCases.TC_00_1_CreateAccount" name="acntVerify" time="0.0">
    <skipped/>
  </testcase> <!-- acntVerify -->
</testsuite> <!-- Test(failed) -->
